<?xml version="1.0" encoding="UTF-8"?>
<robot generator="Robot 3.2.2 (Python 3.9.1 on win32)" generated="20210213 18:50:07.073" rpa="false">
<suite id="s1" name="Amazondevices" source="C:\DEV\Python\python_robot_automation\amazon_robot\tests\amazondevices.robot">
<test id="s1-t1" name="User doesn't have to sign in to check out the &quot;Whole Foods&quot;, option">
<kw name="Open Browser" library="SeleniumLibrary">
<doc>Opens a new browser instance to the optional ``url``.</doc>
<arguments>
<arg>${url}</arg>
<arg>${BROWSER}</arg>
</arguments>
<msg timestamp="20210213 18:50:07.346" level="INFO">Opening browser 'chrome' to base url 'http://www.amazon.com'.</msg>
<status status="PASS" starttime="20210213 18:50:07.346" endtime="20210213 18:50:22.432"></status>
</kw>
<kw name="Wait Until Page Contains" library="SeleniumLibrary">
<doc>Waits until ``text`` appears on the current page.</doc>
<arguments>
<arg>Cart</arg>
</arguments>
<status status="PASS" starttime="20210213 18:50:22.433" endtime="20210213 18:50:22.502"></status>
</kw>
<kw name="Wait Until Page Contains" library="SeleniumLibrary">
<doc>Waits until ``text`` appears on the current page.</doc>
<arguments>
<arg>${DEPARTMENT}</arg>
</arguments>
<status status="PASS" starttime="20210213 18:50:22.502" endtime="20210213 18:50:22.533"></status>
</kw>
<kw name="Click Link" library="SeleniumLibrary">
<doc>Clicks a link identified by ``locator``.</doc>
<arguments>
<arg>${DEPARTMENT}</arg>
</arguments>
<msg timestamp="20210213 18:50:22.534" level="INFO">Clicking link 'Amazon Devices'.</msg>
<status status="PASS" starttime="20210213 18:50:22.533" endtime="20210213 18:50:34.280"></status>
</kw>
<kw name="Sleep" library="BuiltIn">
<doc>Pauses the test executed for the given time.</doc>
<arguments>
<arg>3s</arg>
</arguments>
<msg timestamp="20210213 18:50:37.282" level="INFO">Slept 3 seconds</msg>
<status status="PASS" starttime="20210213 18:50:34.281" endtime="20210213 18:50:37.282"></status>
</kw>
<kw name="Page Should Contain" library="SeleniumLibrary">
<doc>Verifies that current page contains ``text``.</doc>
<arguments>
<arg>Explore more from Amazon Devices</arg>
</arguments>
<msg timestamp="20210213 18:50:37.341" level="INFO">Current page contains text 'Explore more from Amazon Devices'.</msg>
<status status="PASS" starttime="20210213 18:50:37.283" endtime="20210213 18:50:37.341"></status>
</kw>
<kw name="Wait Until Page Contains Element" library="SeleniumLibrary">
<doc>Waits until the element ``locator`` appears on the current page.</doc>
<arguments>
<arg>id=navFooter</arg>
</arguments>
<status status="PASS" starttime="20210213 18:50:37.342" endtime="20210213 18:50:37.354"></status>
</kw>
<kw name="Capture Page Screenshot" library="SeleniumLibrary">
<doc>Takes a screenshot of the current page and embeds it into a log file.</doc>
<arguments>
<arg>Screenshots/${DEPARTMENT}_pix.png</arg>
</arguments>
<msg timestamp="20210213 18:50:38.032" level="INFO" html="yes">&lt;/td&gt;&lt;/tr&gt;&lt;tr&gt;&lt;td colspan="3"&gt;&lt;a href="Screenshots/Amazon%20Devices_pix.png"&gt;&lt;img src="Screenshots/Amazon%20Devices_pix.png" width="800px"&gt;&lt;/a&gt;</msg>
<status status="PASS" starttime="20210213 18:50:37.355" endtime="20210213 18:50:38.032"></status>
</kw>
<kw name="Close Browser" library="SeleniumLibrary">
<doc>Closes the current browser.</doc>
<status status="PASS" starttime="20210213 18:50:38.033" endtime="20210213 18:50:40.219"></status>
</kw>
<doc>This is some basic info about the test</doc>
<tags>
<tag>Smoke</tag>
</tags>
<status status="PASS" starttime="20210213 18:50:07.345" endtime="20210213 18:50:40.220" critical="yes"></status>
</test>
<doc>Veify Amazon Devices link acccess</doc>
<status status="PASS" starttime="20210213 18:50:07.075" endtime="20210213 18:50:40.225"></status>
</suite>
<statistics>
<total>
<stat pass="1" fail="0">Critical Tests</stat>
<stat pass="1" fail="0">All Tests</stat>
</total>
<tag>
<stat pass="1" fail="0">Smoke</stat>
</tag>
<suite>
<stat pass="1" fail="0" id="s1" name="Amazondevices">Amazondevices</stat>
</suite>
</statistics>
<errors>
</errors>
</robot>
